
ROM used:   542/8192 (7%)
            542/8192 (7%) including unused fragments

            0.2 Average locations per line
            4.1 Average locations per statement

RAM used:   24/368 (7%) at main() level
            25/368 (7%) worst case

Stack used: 3 worst case (2 in main + 1 for interrupts)
Stack size: 8

Lines Stmts  %   Files
----- ----- ---  -----
 1767   132 100  Demo.c
  768     0   0  D:\PIC\PICC\Devices\16f887.h
----- -----
 2535   132 Total

Page ROM  %  RAM   Vol Diff  Functions:
---- --- --- ---   --- ----  ----------
0     12   2    0    55  2.1  interrupt_receive
0      9   2    0    53  2.5  interrupt_ext
0     46   8    0   104  2.7  MAIN
0     48   9    0   221  1.8  Init
0    146  27    1  1543  5.4  Sensor
0     84  15    0   607  3.4  PWM_Motor
0    133  25    0  1248  4.9  Control
0      8   1    0             @goto10722
 Inline         0             @cinit1

Program metrics:
    Functions               7
    Statements              132
    Comments                184
    Volume (V)              5229
    Difficulty (D)          24.1
    Effort to implement (E) 126170
    Time to implement (T)   1 hours, 57 minutes
    Est Delivered Bugs (B)  1
    Cyclomatic Complexity   22
    Maintainability (MI)    138

 Segment     Used  Free
-----------  ----  ----
00000-00003     4  0  
00004-00037    52  0  
00038-007FF   486  1506  
00800-00FFF     0  2048  
01000-017FF     0  2048  
01800-01FFF     0  2048  



